2025-05-26T15:14:51.435-03:00  INFO 19660 --- [restartedMain] br.com.esig.salario.SalarioApplication   : Starting SalarioApplication using Java 17.0.9 with PID 19660 (C:\Users\Julio Cesar\Documents\ESIG\salario\target\classes started by Julio Cesar in C:\Users\Julio Cesar\Documents\ESIG\salario)
2025-05-26T15:14:51.436-03:00  INFO 19660 --- [restartedMain] br.com.esig.salario.SalarioApplication   : No active profile set, falling back to 1 default profile: "default"
2025-05-26T15:14:51.473-03:00  INFO 19660 --- [restartedMain] .e.DevToolsPropertyDefaultsPostProcessor : Devtools property defaults active! Set 'spring.devtools.add-properties' to 'false' to disable
2025-05-26T15:14:51.474-03:00  INFO 19660 --- [restartedMain] .e.DevToolsPropertyDefaultsPostProcessor : For additional web related logging consider setting the 'logging.level.web' property to 'DEBUG'
2025-05-26T15:14:51.916-03:00  INFO 19660 --- [restartedMain] .s.d.r.c.RepositoryConfigurationDelegate : Bootstrapping Spring Data JPA repositories in DEFAULT mode.
2025-05-26T15:14:52.019-03:00  INFO 19660 --- [restartedMain] .s.d.r.c.RepositoryConfigurationDelegate : Finished Spring Data repository scanning in 97 ms. Found 7 JPA repository interfaces.
2025-05-26T15:14:52.659-03:00  INFO 19660 --- [restartedMain] o.s.b.w.embedded.tomcat.TomcatWebServer  : Tomcat initialized with port(s): 8080 (http)
2025-05-26T15:14:52.666-03:00  INFO 19660 --- [restartedMain] o.apache.catalina.core.StandardService   : Starting service [Tomcat]
2025-05-26T15:14:52.666-03:00  INFO 19660 --- [restartedMain] o.apache.catalina.core.StandardEngine    : Starting Servlet engine: [Apache Tomcat/10.1.17]
2025-05-26T15:14:52.721-03:00  INFO 19660 --- [restartedMain] o.a.c.c.C.[.[localhost].[/salario]       : Initializing Spring embedded WebApplicationContext
2025-05-26T15:14:52.723-03:00  INFO 19660 --- [restartedMain] w.s.c.ServletWebServerApplicationContext : Root WebApplicationContext: initialization completed in 1249 ms
2025-05-26T15:14:52.791-03:00  INFO 19660 --- [restartedMain] org.omnifaces.ApplicationInitializer     : Using OmniFaces version 4.1
2025-05-26T15:14:55.009-03:00  INFO 19660 --- [restartedMain] vletContainerInitializerRegistrationBean : Resolving classes for com.sun.faces.config.FacesInitializer took 2.1301344s
2025-05-26T15:14:55.025-03:00  INFO 19660 --- [restartedMain] o.j.weld.environment.servletWeldServlet  : WELD-ENV-001008: Initialize Weld using ServletContainerInitializer
2025-05-26T15:14:55.034-03:00  INFO 19660 --- [restartedMain] org.jboss.weld.Version                   : WELD-000900: 5.1.0 (Final)
2025-05-26T15:14:55.138-03:00  INFO 19660 --- [restartedMain] o.s.d.j.r.cdi.JpaRepositoryExtension     : Activating CDI extension for Spring Data JPA repositories
2025-05-26T15:14:55.147-03:00  INFO 19660 --- [restartedMain] org.jboss.weld.Bootstrap                 : WELD-ENV-000041: Using org.joinfaces.weld.ClassGraphDiscoveryStrategy@4929f1bb for bean discovery
2025-05-26T15:14:55.321-03:00  INFO 19660 --- [restartedMain] o.j.weld.ClassGraphDiscoveryStrategy     : Weld bean discovery took 127ms
2025-05-26T15:14:55.369-03:00  INFO 19660 --- [restartedMain] org.jboss.weld.Bootstrap                 : WELD-000101: Transactional services not available. Injection of @Inject UserTransaction not available. Transactional observers will be invoked synchronously.
2025-05-26T15:14:55.443-03:00  INFO 19660 --- [restartedMain] org.jboss.weld.Event                     : WELD-000411: Observer method [BackedAnnotatedMethod] protected org.springframework.data.repository.cdi.CdiRepositoryExtensionSupport.processAnnotatedType(@Observes ProcessAnnotatedType<X>) receives events for all annotated types. Consider restricting events using @WithAnnotations or a generic type with bounds.
2025-05-26T15:14:55.495-03:00  INFO 19660 --- [weld-worker-14] org.jboss.weld.Bootstrap                 : WELD-000119: Not generating any bean definitions from org.omnifaces.validator.JsfLabelMessageInterpolator because of underlying class loading error: Type jakarta.validation.MessageInterpolator not found.  If this is unexpected, enable DEBUG logging to see the full error.
2025-05-26T15:14:55.506-03:00  INFO 19660 --- [weld-worker-6] org.jboss.weld.Bootstrap                 : WELD-000119: Not generating any bean definitions from org.omnifaces.cdi.param.ParamProducer because of underlying class loading error: Type jakarta.validation.ConstraintViolation not found.  If this is unexpected, enable DEBUG logging to see the full error.
2025-05-26T15:14:55.532-03:00  INFO 19660 --- [restartedMain] o.j.weld.environment.servletWeldServlet  : WELD-ENV-001002: Container detection skipped - custom container class loaded: org.joinfaces.weld.NoopContainer.
2025-05-26T15:14:55.748-03:00  INFO 19660 --- [restartedMain] j.e.resource.webcontainer.jsf.config     : Inicializando Mojarra 3.0.4 para o contexto '/salario'
2025-05-26T15:14:55.852-03:00  INFO 19660 --- [restartedMain] j.e.r.webcontainer.jsf.application       : JSF1048: Anotações PostConstruct/PreDestroy presentes.  Os métodos ManagedBeans marcados com essas anotações informarão as anotações processadas.
2025-05-26T15:14:56.185-03:00  INFO 19660 --- [restartedMain] j.e.resource.webcontainer.jsf.config     : Monitoring file:/C:/Users/Julio%20Cesar/Documents/ESIG/salario/src/main/webapp/WEB-INF/faces-config.xml for modifications
2025-05-26T15:14:56.197-03:00  INFO 19660 --- [restartedMain] j.e.resource.webcontainer.jsf.lifecycle  : JSF1027: [null] Os ELResolvers para Faces não foram registrados com o contêiner JSP.
2025-05-26T15:14:56.215-03:00  INFO 19660 --- [restartedMain] .w.PostConstructApplicationEventListener : Running on PrimeFaces 12.0.0
2025-05-26T15:14:56.216-03:00  INFO 19660 --- [restartedMain] .a.PostConstructApplicationEventListener : Running on PrimeFaces Extensions 12.0.5
2025-05-26T15:14:56.316-03:00  INFO 19660 --- [restartedMain] o.hibernate.jpa.internal.util.LogHelper  : HHH000204: Processing PersistenceUnitInfo [name: default]
2025-05-26T15:14:56.350-03:00  INFO 19660 --- [restartedMain] org.hibernate.Version                    : HHH000412: Hibernate ORM core version 6.2.17.Final
2025-05-26T15:14:56.354-03:00  INFO 19660 --- [restartedMain] org.hibernate.cfg.Environment            : HHH000406: Using bytecode reflection optimizer
2025-05-26T15:14:56.570-03:00  INFO 19660 --- [restartedMain] o.s.o.j.p.SpringPersistenceUnitInfo      : No LoadTimeWeaver setup: ignoring JPA class transformer
2025-05-26T15:14:56.590-03:00  INFO 19660 --- [restartedMain] com.zaxxer.hikari.HikariDataSource       : HikariPool-1 - Starting...
2025-05-26T15:14:56.733-03:00  INFO 19660 --- [restartedMain] com.zaxxer.hikari.pool.HikariPool        : HikariPool-1 - Added connection org.postgresql.jdbc.PgConnection@3858ca69
2025-05-26T15:14:56.734-03:00  INFO 19660 --- [restartedMain] com.zaxxer.hikari.HikariDataSource       : HikariPool-1 - Start completed.
2025-05-26T15:14:56.765-03:00  WARN 19660 --- [restartedMain] org.hibernate.orm.deprecation            : HHH90000025: PostgreSQLDialect does not need to be specified explicitly using 'hibernate.dialect' (remove the property setting and it will be selected by default)
2025-05-26T15:14:57.545-03:00  INFO 19660 --- [restartedMain] o.h.e.t.j.p.i.JtaPlatformInitiator       : HHH000489: No JTA platform available (set 'hibernate.transaction.jta.platform' to enable JTA platform integration)
2025-05-26T15:14:57.633-03:00  INFO 19660 --- [restartedMain] j.LocalContainerEntityManagerFactoryBean : Initialized JPA EntityManagerFactory for persistence unit 'default'
2025-05-26T15:14:58.336-03:00  INFO 19660 --- [restartedMain] o.s.b.d.a.OptionalLiveReloadServer       : LiveReload server is running on port 35729
2025-05-26T15:14:58.394-03:00  INFO 19660 --- [restartedMain] o.s.b.w.embedded.tomcat.TomcatWebServer  : Tomcat started on port(s): 8080 (http) with context path '/salario'
2025-05-26T15:14:59.806-03:00  INFO 19660 --- [scheduling-1] b.c.e.s.schedule.AgendamentoService      : 🔄 Verificando agendamentos de troca de salário/cargo...
2025-05-26T15:14:59.807-03:00  INFO 19660 --- [restartedMain] br.com.esig.salario.SalarioApplication   : Started SalarioApplication in 8.934 seconds (process running for 9.533)
2025-05-26T15:14:59.895-03:00 DEBUG 19660 --- [scheduling-1] org.hibernate.SQL                        : 
    select
        a1_0.id,
        a1_0.cargo_atual_id,
        a1_0.cargo_troca_id,
        a1_0.pessoa_id 
    from
        agendamento_novo_salario_cargo a1_0
2025-05-26T15:14:59.905-03:00  INFO 19660 --- [scheduling-1] b.c.e.s.schedule.AgendamentoService      : ℹ️ Nenhum agendamento pendente encontrado.
2025-05-26T15:15:10.902-03:00 DEBUG 19660 --- [http-nio-8080-exec-1] org.hibernate.SQL                        : 
    select
        u1_0.id,
        u1_0.email,
        u1_0.nome,
        u1_0.senha 
    from
        usuario u1_0 
    where
        u1_0.email=?
2025-05-26T15:15:13.991-03:00 DEBUG 19660 --- [http-nio-8080-exec-2] org.hibernate.SQL                        : 
    select
        p1_0.id,
        p1_0.cargo_id,
        p1_0.cep,
        p1_0.cidade,
        p1_0.data_nascimento,
        p1_0.email,
        p1_0.endereco,
        p1_0.nome,
        p1_0.pais,
        p1_0.telefone,
        p1_0.usuario 
    from
        pessoa p1_0
2025-05-26T15:15:13.998-03:00 DEBUG 19660 --- [http-nio-8080-exec-2] org.hibernate.SQL                        : 
    select
        c1_0.id,
        c1_0.nome,
        c2_0.cargo_id,
        c2_0.id,
        v1_0.id,
        v1_0.descricao,
        v1_0.tipo,
        v1_0.valor 
    from
        cargo c1_0 
    left join
        cargo_vencimento c2_0 
            on c1_0.id=c2_0.cargo_id 
    left join
        vencimentos v1_0 
            on v1_0.id=c2_0.vencimento_id 
    where
        c1_0.id=?
2025-05-26T15:15:14.007-03:00 DEBUG 19660 --- [http-nio-8080-exec-2] org.hibernate.SQL                        : 
    select
        c1_0.id,
        c1_0.nome,
        c2_0.cargo_id,
        c2_0.id,
        v1_0.id,
        v1_0.descricao,
        v1_0.tipo,
        v1_0.valor 
    from
        cargo c1_0 
    left join
        cargo_vencimento c2_0 
            on c1_0.id=c2_0.cargo_id 
    left join
        vencimentos v1_0 
            on v1_0.id=c2_0.vencimento_id 
    where
        c1_0.id=?
2025-05-26T15:15:14.008-03:00 DEBUG 19660 --- [http-nio-8080-exec-2] org.hibernate.SQL                        : 
    select
        c1_0.id,
        c1_0.nome,
        c2_0.cargo_id,
        c2_0.id,
        v1_0.id,
        v1_0.descricao,
        v1_0.tipo,
        v1_0.valor 
    from
        cargo c1_0 
    left join
        cargo_vencimento c2_0 
            on c1_0.id=c2_0.cargo_id 
    left join
        vencimentos v1_0 
            on v1_0.id=c2_0.vencimento_id 
    where
        c1_0.id=?
2025-05-26T15:15:14.010-03:00 DEBUG 19660 --- [http-nio-8080-exec-2] org.hibernate.SQL                        : 
    select
        c1_0.id,
        c1_0.nome,
        c2_0.cargo_id,
        c2_0.id,
        v1_0.id,
        v1_0.descricao,
        v1_0.tipo,
        v1_0.valor 
    from
        cargo c1_0 
    left join
        cargo_vencimento c2_0 
            on c1_0.id=c2_0.cargo_id 
    left join
        vencimentos v1_0 
            on v1_0.id=c2_0.vencimento_id 
    where
        c1_0.id=?
2025-05-26T15:15:14.020-03:00 DEBUG 19660 --- [http-nio-8080-exec-2] org.hibernate.SQL                        : 
    select
        c1_0.id,
        c1_0.nome,
        c2_0.cargo_id,
        c2_0.id,
        v1_0.id,
        v1_0.descricao,
        v1_0.tipo,
        v1_0.valor 
    from
        cargo c1_0 
    left join
        cargo_vencimento c2_0 
            on c1_0.id=c2_0.cargo_id 
    left join
        vencimentos v1_0 
            on v1_0.id=c2_0.vencimento_id 
    where
        c1_0.id=?
2025-05-26T15:15:14.049-03:00 DEBUG 19660 --- [http-nio-8080-exec-2] org.hibernate.SQL                        : 
    select
        c1_0.id,
        c1_0.nome 
    from
        cargo c1_0
2025-05-26T15:15:29.917-03:00  INFO 19660 --- [scheduling-1] b.c.e.s.schedule.AgendamentoService      : 🔄 Verificando agendamentos de troca de salário/cargo...
2025-05-26T15:15:29.921-03:00 DEBUG 19660 --- [scheduling-1] org.hibernate.SQL                        : 
    select
        a1_0.id,
        a1_0.cargo_atual_id,
        a1_0.cargo_troca_id,
        a1_0.pessoa_id 
    from
        agendamento_novo_salario_cargo a1_0
2025-05-26T15:15:29.923-03:00  INFO 19660 --- [scheduling-1] b.c.e.s.schedule.AgendamentoService      : ℹ️ Nenhum agendamento pendente encontrado.
2025-05-26T15:15:59.925-03:00  INFO 19660 --- [scheduling-1] b.c.e.s.schedule.AgendamentoService      : 🔄 Verificando agendamentos de troca de salário/cargo...
2025-05-26T15:15:59.928-03:00 DEBUG 19660 --- [scheduling-1] org.hibernate.SQL                        : 
    select
        a1_0.id,
        a1_0.cargo_atual_id,
        a1_0.cargo_troca_id,
        a1_0.pessoa_id 
    from
        agendamento_novo_salario_cargo a1_0
2025-05-26T15:15:59.931-03:00  INFO 19660 --- [scheduling-1] b.c.e.s.schedule.AgendamentoService      : ℹ️ Nenhum agendamento pendente encontrado.
2025-05-26T15:16:29.936-03:00  INFO 19660 --- [scheduling-1] b.c.e.s.schedule.AgendamentoService      : 🔄 Verificando agendamentos de troca de salário/cargo...
2025-05-26T15:16:29.940-03:00 DEBUG 19660 --- [scheduling-1] org.hibernate.SQL                        : 
    select
        a1_0.id,
        a1_0.cargo_atual_id,
        a1_0.cargo_troca_id,
        a1_0.pessoa_id 
    from
        agendamento_novo_salario_cargo a1_0
2025-05-26T15:16:29.942-03:00  INFO 19660 --- [scheduling-1] b.c.e.s.schedule.AgendamentoService      : ℹ️ Nenhum agendamento pendente encontrado.
2025-05-26T15:16:59.953-03:00  INFO 19660 --- [scheduling-1] b.c.e.s.schedule.AgendamentoService      : 🔄 Verificando agendamentos de troca de salário/cargo...
2025-05-26T15:16:59.957-03:00 DEBUG 19660 --- [scheduling-1] org.hibernate.SQL                        : 
    select
        a1_0.id,
        a1_0.cargo_atual_id,
        a1_0.cargo_troca_id,
        a1_0.pessoa_id 
    from
        agendamento_novo_salario_cargo a1_0
2025-05-26T15:16:59.960-03:00  INFO 19660 --- [scheduling-1] b.c.e.s.schedule.AgendamentoService      : ℹ️ Nenhum agendamento pendente encontrado.
2025-05-26T15:17:08.010-03:00  INFO 19660 --- [SpringApplicationShutdownHook] j.LocalContainerEntityManagerFactoryBean : Closing JPA EntityManagerFactory for persistence unit 'default'
2025-05-26T15:17:08.013-03:00  INFO 19660 --- [SpringApplicationShutdownHook] com.zaxxer.hikari.HikariDataSource       : HikariPool-1 - Shutdown initiated...
2025-05-26T15:17:08.014-03:00  INFO 19660 --- [SpringApplicationShutdownHook] com.zaxxer.hikari.HikariDataSource       : HikariPool-1 - Shutdown completed.
2025-05-26T15:17:34.613-03:00  INFO 141516 --- [restartedMain] br.com.esig.salario.SalarioApplication   : Starting SalarioApplication using Java 17.0.9 with PID 141516 (C:\Users\Julio Cesar\Documents\ESIG\salario\target\classes started by Julio Cesar in C:\Users\Julio Cesar\Documents\ESIG\salario)
2025-05-26T15:17:34.615-03:00  INFO 141516 --- [restartedMain] br.com.esig.salario.SalarioApplication   : No active profile set, falling back to 1 default profile: "default"
2025-05-26T15:17:34.643-03:00  INFO 141516 --- [restartedMain] .e.DevToolsPropertyDefaultsPostProcessor : Devtools property defaults active! Set 'spring.devtools.add-properties' to 'false' to disable
2025-05-26T15:17:34.643-03:00  INFO 141516 --- [restartedMain] .e.DevToolsPropertyDefaultsPostProcessor : For additional web related logging consider setting the 'logging.level.web' property to 'DEBUG'
2025-05-26T15:17:34.999-03:00  INFO 141516 --- [restartedMain] .s.d.r.c.RepositoryConfigurationDelegate : Bootstrapping Spring Data JPA repositories in DEFAULT mode.
2025-05-26T15:17:35.093-03:00  INFO 141516 --- [restartedMain] .s.d.r.c.RepositoryConfigurationDelegate : Finished Spring Data repository scanning in 90 ms. Found 7 JPA repository interfaces.
2025-05-26T15:17:35.640-03:00  INFO 141516 --- [restartedMain] o.s.b.w.embedded.tomcat.TomcatWebServer  : Tomcat initialized with port(s): 8080 (http)
2025-05-26T15:17:35.646-03:00  INFO 141516 --- [restartedMain] o.apache.catalina.core.StandardService   : Starting service [Tomcat]
2025-05-26T15:17:35.647-03:00  INFO 141516 --- [restartedMain] o.apache.catalina.core.StandardEngine    : Starting Servlet engine: [Apache Tomcat/10.1.17]
2025-05-26T15:17:35.693-03:00  INFO 141516 --- [restartedMain] o.a.c.c.C.[.[localhost].[/salario]       : Initializing Spring embedded WebApplicationContext
2025-05-26T15:17:35.694-03:00  INFO 141516 --- [restartedMain] w.s.c.ServletWebServerApplicationContext : Root WebApplicationContext: initialization completed in 1051 ms
2025-05-26T15:17:35.749-03:00  INFO 141516 --- [restartedMain] org.omnifaces.ApplicationInitializer     : Using OmniFaces version 4.1
2025-05-26T15:17:37.369-03:00  INFO 141516 --- [restartedMain] vletContainerInitializerRegistrationBean : Resolving classes for com.sun.faces.config.FacesInitializer took 1.5659505s
2025-05-26T15:17:37.382-03:00  INFO 141516 --- [restartedMain] o.j.weld.environment.servletWeldServlet  : WELD-ENV-001008: Initialize Weld using ServletContainerInitializer
2025-05-26T15:17:37.391-03:00  INFO 141516 --- [restartedMain] org.jboss.weld.Version                   : WELD-000900: 5.1.0 (Final)
2025-05-26T15:17:37.499-03:00  INFO 141516 --- [restartedMain] o.s.d.j.r.cdi.JpaRepositoryExtension     : Activating CDI extension for Spring Data JPA repositories
2025-05-26T15:17:37.509-03:00  INFO 141516 --- [restartedMain] org.jboss.weld.Bootstrap                 : WELD-ENV-000041: Using org.joinfaces.weld.ClassGraphDiscoveryStrategy@15809941 for bean discovery
2025-05-26T15:17:37.674-03:00  INFO 141516 --- [restartedMain] o.j.weld.ClassGraphDiscoveryStrategy     : Weld bean discovery took 123ms
2025-05-26T15:17:37.728-03:00  INFO 141516 --- [restartedMain] org.jboss.weld.Bootstrap                 : WELD-000101: Transactional services not available. Injection of @Inject UserTransaction not available. Transactional observers will be invoked synchronously.
2025-05-26T15:17:37.797-03:00  INFO 141516 --- [restartedMain] org.jboss.weld.Event                     : WELD-000411: Observer method [BackedAnnotatedMethod] protected org.springframework.data.repository.cdi.CdiRepositoryExtensionSupport.processAnnotatedType(@Observes ProcessAnnotatedType<X>) receives events for all annotated types. Consider restricting events using @WithAnnotations or a generic type with bounds.
2025-05-26T15:17:37.842-03:00  INFO 141516 --- [weld-worker-23] org.jboss.weld.Bootstrap                 : WELD-000119: Not generating any bean definitions from org.omnifaces.validator.JsfLabelMessageInterpolator because of underlying class loading error: Type jakarta.validation.MessageInterpolator not found.  If this is unexpected, enable DEBUG logging to see the full error.
2025-05-26T15:17:37.853-03:00  INFO 141516 --- [weld-worker-24] org.jboss.weld.Bootstrap                 : WELD-000119: Not generating any bean definitions from org.omnifaces.cdi.param.ParamProducer because of underlying class loading error: Type jakarta.validation.ConstraintViolation not found.  If this is unexpected, enable DEBUG logging to see the full error.
2025-05-26T15:17:37.878-03:00  INFO 141516 --- [restartedMain] o.j.weld.environment.servletWeldServlet  : WELD-ENV-001002: Container detection skipped - custom container class loaded: org.joinfaces.weld.NoopContainer.
2025-05-26T15:17:38.072-03:00  INFO 141516 --- [restartedMain] j.e.resource.webcontainer.jsf.config     : Inicializando Mojarra 3.0.4 para o contexto '/salario'
2025-05-26T15:17:38.156-03:00  INFO 141516 --- [restartedMain] j.e.r.webcontainer.jsf.application       : JSF1048: Anotações PostConstruct/PreDestroy presentes.  Os métodos ManagedBeans marcados com essas anotações informarão as anotações processadas.
2025-05-26T15:17:38.452-03:00  INFO 141516 --- [restartedMain] j.e.resource.webcontainer.jsf.config     : Monitoring file:/C:/Users/Julio%20Cesar/Documents/ESIG/salario/src/main/webapp/WEB-INF/faces-config.xml for modifications
2025-05-26T15:17:38.462-03:00  INFO 141516 --- [restartedMain] j.e.resource.webcontainer.jsf.lifecycle  : JSF1027: [null] Os ELResolvers para Faces não foram registrados com o contêiner JSP.
2025-05-26T15:17:38.474-03:00  INFO 141516 --- [restartedMain] .w.PostConstructApplicationEventListener : Running on PrimeFaces 12.0.0
2025-05-26T15:17:38.475-03:00  INFO 141516 --- [restartedMain] .a.PostConstructApplicationEventListener : Running on PrimeFaces Extensions 12.0.5
2025-05-26T15:17:38.510-03:00  WARN 141516 --- [restartedMain] o.a.c.c.C.[.[localhost].[/salario]       : Cannot deserialize session attribute [loginBean] for session [E8F5C217807FD5C267027315938D7961]
2025-05-26T15:17:38.513-03:00 ERROR 141516 --- [restartedMain] o.a.catalina.session.StandardManager     : Exception loading sessions from persistent storage

java.lang.ClassCastException: class java.lang.String cannot be cast to class java.io.ObjectStreamClass (java.lang.String and java.io.ObjectStreamClass are in module java.base of loader 'bootstrap')
	at java.base/java.io.ObjectInputStream.readClassDesc(ObjectInputStream.java:1900) ~[na:na]
	at java.base/java.io.ObjectInputStream.readOrdinaryObject(ObjectInputStream.java:2224) ~[na:na]
	at java.base/java.io.ObjectInputStream.readObject0(ObjectInputStream.java:1733) ~[na:na]
	at java.base/java.io.ObjectInputStream.readObject(ObjectInputStream.java:509) ~[na:na]
	at java.base/java.io.ObjectInputStream.readObject(ObjectInputStream.java:467) ~[na:na]
	at java.base/java.util.HashMap.readObject(HashMap.java:1552) ~[na:na]
	at java.base/jdk.internal.reflect.NativeMethodAccessorImpl.invoke0(Native Method) ~[na:na]
	at java.base/jdk.internal.reflect.NativeMethodAccessorImpl.invoke(NativeMethodAccessorImpl.java:77) ~[na:na]
	at java.base/jdk.internal.reflect.DelegatingMethodAccessorImpl.invoke(DelegatingMethodAccessorImpl.java:43) ~[na:na]
	at java.base/java.lang.reflect.Method.invoke(Method.java:568) ~[na:na]
	at java.base/java.io.ObjectStreamClass.invokeReadObject(ObjectStreamClass.java:1100) ~[na:na]
	at java.base/java.io.ObjectInputStream.readSerialData(ObjectInputStream.java:2423) ~[na:na]
	at java.base/java.io.ObjectInputStream.readOrdinaryObject(ObjectInputStream.java:2257) ~[na:na]
	at java.base/java.io.ObjectInputStream.readObject0(ObjectInputStream.java:1733) ~[na:na]
	at java.base/java.io.ObjectInputStream$FieldValues.<init>(ObjectInputStream.java:2606) ~[na:na]
	at java.base/java.io.ObjectInputStream.readSerialData(ObjectInputStream.java:2457) ~[na:na]
	at java.base/java.io.ObjectInputStream.readOrdinaryObject(ObjectInputStream.java:2257) ~[na:na]
	at java.base/java.io.ObjectInputStream.readObject0(ObjectInputStream.java:1733) ~[na:na]
	at java.base/java.io.ObjectInputStream.readObject(ObjectInputStream.java:509) ~[na:na]
	at java.base/java.io.ObjectInputStream.readObject(ObjectInputStream.java:467) ~[na:na]
	at org.apache.catalina.session.StandardSession.doReadObject(StandardSession.java:1415) ~[tomcat-embed-core-10.1.17.jar:10.1.17]
	at org.apache.catalina.session.StandardSession.readObjectData(StandardSession.java:985) ~[tomcat-embed-core-10.1.17.jar:10.1.17]
	at org.apache.catalina.session.StandardManager.doLoad(StandardManager.java:210) ~[tomcat-embed-core-10.1.17.jar:10.1.17]
	at org.apache.catalina.session.StandardManager.load(StandardManager.java:156) ~[tomcat-embed-core-10.1.17.jar:10.1.17]
	at org.apache.catalina.session.StandardManager.startInternal(StandardManager.java:346) ~[tomcat-embed-core-10.1.17.jar:10.1.17]
	at org.apache.catalina.util.LifecycleBase.start(LifecycleBase.java:171) ~[tomcat-embed-core-10.1.17.jar:10.1.17]
	at org.apache.catalina.core.StandardContext.startInternal(StandardContext.java:4877) ~[tomcat-embed-core-10.1.17.jar:10.1.17]
	at org.apache.catalina.util.LifecycleBase.start(LifecycleBase.java:171) ~[tomcat-embed-core-10.1.17.jar:10.1.17]
	at org.apache.catalina.core.ContainerBase$StartChild.call(ContainerBase.java:1332) ~[tomcat-embed-core-10.1.17.jar:10.1.17]
	at org.apache.catalina.core.ContainerBase$StartChild.call(ContainerBase.java:1322) ~[tomcat-embed-core-10.1.17.jar:10.1.17]
	at java.base/java.util.concurrent.FutureTask.run$$$capture(FutureTask.java:264) ~[na:na]
	at java.base/java.util.concurrent.FutureTask.run(FutureTask.java) ~[na:na]
	at org.apache.tomcat.util.threads.InlineExecutorService.execute(InlineExecutorService.java:75) ~[tomcat-embed-core-10.1.17.jar:10.1.17]
	at java.base/java.util.concurrent.AbstractExecutorService.submit(AbstractExecutorService.java:145) ~[na:na]
	at org.apache.catalina.core.ContainerBase.startInternal(ContainerBase.java:866) ~[tomcat-embed-core-10.1.17.jar:10.1.17]
	at org.apache.catalina.core.StandardHost.startInternal(StandardHost.java:845) ~[tomcat-embed-core-10.1.17.jar:10.1.17]
	at org.apache.catalina.util.LifecycleBase.start(LifecycleBase.java:171) ~[tomcat-embed-core-10.1.17.jar:10.1.17]
	at org.apache.catalina.core.ContainerBase$StartChild.call(ContainerBase.java:1332) ~[tomcat-embed-core-10.1.17.jar:10.1.17]
	at org.apache.catalina.core.ContainerBase$StartChild.call(ContainerBase.java:1322) ~[tomcat-embed-core-10.1.17.jar:10.1.17]
	at java.base/java.util.concurrent.FutureTask.run$$$capture(FutureTask.java:264) ~[na:na]
	at java.base/java.util.concurrent.FutureTask.run(FutureTask.java) ~[na:na]
	at org.apache.tomcat.util.threads.InlineExecutorService.execute(InlineExecutorService.java:75) ~[tomcat-embed-core-10.1.17.jar:10.1.17]
	at java.base/java.util.concurrent.AbstractExecutorService.submit(AbstractExecutorService.java:145) ~[na:na]
	at org.apache.catalina.core.ContainerBase.startInternal(ContainerBase.java:866) ~[tomcat-embed-core-10.1.17.jar:10.1.17]
	at org.apache.catalina.core.StandardEngine.startInternal(StandardEngine.java:240) ~[tomcat-embed-core-10.1.17.jar:10.1.17]
	at org.apache.catalina.util.LifecycleBase.start(LifecycleBase.java:171) ~[tomcat-embed-core-10.1.17.jar:10.1.17]
	at org.apache.catalina.core.StandardService.startInternal(StandardService.java:433) ~[tomcat-embed-core-10.1.17.jar:10.1.17]
	at org.apache.catalina.util.LifecycleBase.start(LifecycleBase.java:171) ~[tomcat-embed-core-10.1.17.jar:10.1.17]
	at org.apache.catalina.core.StandardServer.startInternal(StandardServer.java:917) ~[tomcat-embed-core-10.1.17.jar:10.1.17]
	at org.apache.catalina.util.LifecycleBase.start(LifecycleBase.java:171) ~[tomcat-embed-core-10.1.17.jar:10.1.17]
	at org.apache.catalina.startup.Tomcat.start(Tomcat.java:488) ~[tomcat-embed-core-10.1.17.jar:10.1.17]
	at org.springframework.boot.web.embedded.tomcat.TomcatWebServer.initialize(TomcatWebServer.java:123) ~[spring-boot-3.1.7.jar:3.1.7]
	at org.springframework.boot.web.embedded.tomcat.TomcatWebServer.<init>(TomcatWebServer.java:104) ~[spring-boot-3.1.7.jar:3.1.7]
	at org.springframework.boot.web.embedded.tomcat.TomcatServletWebServerFactory.getTomcatWebServer(TomcatServletWebServerFactory.java:489) ~[spring-boot-3.1.7.jar:3.1.7]
	at org.springframework.boot.web.embedded.tomcat.TomcatServletWebServerFactory.getWebServer(TomcatServletWebServerFactory.java:211) ~[spring-boot-3.1.7.jar:3.1.7]
	at org.springframework.boot.web.servlet.context.ServletWebServerApplicationContext.createWebServer(ServletWebServerApplicationContext.java:183) ~[spring-boot-3.1.7.jar:3.1.7]
	at org.springframework.boot.web.servlet.context.ServletWebServerApplicationContext.onRefresh(ServletWebServerApplicationContext.java:161) ~[spring-boot-3.1.7.jar:3.1.7]
	at org.springframework.context.support.AbstractApplicationContext.refresh(AbstractApplicationContext.java:578) ~[spring-context-6.0.7.jar:6.0.7]
	at org.springframework.boot.web.servlet.context.ServletWebServerApplicationContext.refresh(ServletWebServerApplicationContext.java:146) ~[spring-boot-3.1.7.jar:3.1.7]
	at org.springframework.boot.SpringApplication.refresh(SpringApplication.java:746) ~[spring-boot-3.1.7.jar:3.1.7]
	at org.springframework.boot.SpringApplication.refreshContext(SpringApplication.java:448) ~[spring-boot-3.1.7.jar:3.1.7]
	at org.springframework.boot.SpringApplication.run(SpringApplication.java:324) ~[spring-boot-3.1.7.jar:3.1.7]
	at org.springframework.boot.SpringApplication.run(SpringApplication.java:1321) ~[spring-boot-3.1.7.jar:3.1.7]
	at org.springframework.boot.SpringApplication.run(SpringApplication.java:1310) ~[spring-boot-3.1.7.jar:3.1.7]
	at br.com.esig.salario.SalarioApplication.main(SalarioApplication.java:14) ~[classes/:na]
	at java.base/jdk.internal.reflect.NativeMethodAccessorImpl.invoke0(Native Method) ~[na:na]
	at java.base/jdk.internal.reflect.NativeMethodAccessorImpl.invoke(NativeMethodAccessorImpl.java:77) ~[na:na]
	at java.base/jdk.internal.reflect.DelegatingMethodAccessorImpl.invoke(DelegatingMethodAccessorImpl.java:43) ~[na:na]
	at java.base/java.lang.reflect.Method.invoke(Method.java:568) ~[na:na]
	at org.springframework.boot.devtools.restart.RestartLauncher.run(RestartLauncher.java:50) ~[spring-boot-devtools-3.1.7.jar:3.1.7]

2025-05-26T15:17:38.585-03:00  INFO 141516 --- [restartedMain] o.hibernate.jpa.internal.util.LogHelper  : HHH000204: Processing PersistenceUnitInfo [name: default]
2025-05-26T15:17:38.614-03:00  INFO 141516 --- [restartedMain] org.hibernate.Version                    : HHH000412: Hibernate ORM core version 6.2.17.Final
2025-05-26T15:17:38.616-03:00  INFO 141516 --- [restartedMain] org.hibernate.cfg.Environment            : HHH000406: Using bytecode reflection optimizer
2025-05-26T15:17:38.803-03:00  INFO 141516 --- [restartedMain] o.s.o.j.p.SpringPersistenceUnitInfo      : No LoadTimeWeaver setup: ignoring JPA class transformer
2025-05-26T15:17:38.822-03:00  INFO 141516 --- [restartedMain] com.zaxxer.hikari.HikariDataSource       : HikariPool-1 - Starting...
2025-05-26T15:17:38.923-03:00  INFO 141516 --- [restartedMain] com.zaxxer.hikari.pool.HikariPool        : HikariPool-1 - Added connection org.postgresql.jdbc.PgConnection@3bbe1913
2025-05-26T15:17:38.925-03:00  INFO 141516 --- [restartedMain] com.zaxxer.hikari.HikariDataSource       : HikariPool-1 - Start completed.
2025-05-26T15:17:38.945-03:00  WARN 141516 --- [restartedMain] org.hibernate.orm.deprecation            : HHH90000025: PostgreSQLDialect does not need to be specified explicitly using 'hibernate.dialect' (remove the property setting and it will be selected by default)
2025-05-26T15:17:39.536-03:00  INFO 141516 --- [restartedMain] o.h.e.t.j.p.i.JtaPlatformInitiator       : HHH000489: No JTA platform available (set 'hibernate.transaction.jta.platform' to enable JTA platform integration)
2025-05-26T15:17:39.603-03:00  INFO 141516 --- [restartedMain] j.LocalContainerEntityManagerFactoryBean : Initialized JPA EntityManagerFactory for persistence unit 'default'
2025-05-26T15:17:40.097-03:00  INFO 141516 --- [restartedMain] o.s.b.d.a.OptionalLiveReloadServer       : LiveReload server is running on port 35729
2025-05-26T15:17:40.131-03:00  INFO 141516 --- [restartedMain] o.s.b.w.embedded.tomcat.TomcatWebServer  : Tomcat started on port(s): 8080 (http) with context path '/salario'
2025-05-26T15:17:40.795-03:00  INFO 141516 --- [scheduling-1] b.c.e.s.schedule.AgendamentoService      : 🔄 Verificando agendamentos de troca de salário/cargo...
2025-05-26T15:17:40.796-03:00  INFO 141516 --- [restartedMain] br.com.esig.salario.SalarioApplication   : Started SalarioApplication in 6.689 seconds (process running for 7.231)
2025-05-26T15:17:40.865-03:00 DEBUG 141516 --- [scheduling-1] org.hibernate.SQL                        : 
    select
        a1_0.id,
        a1_0.cargo_atual_id,
        a1_0.cargo_troca_id,
        a1_0.pessoa_id 
    from
        agendamento_novo_salario_cargo a1_0
2025-05-26T15:17:40.870-03:00  INFO 141516 --- [scheduling-1] b.c.e.s.schedule.AgendamentoService      : ℹ️ Nenhum agendamento pendente encontrado.
2025-05-26T15:18:10.874-03:00  INFO 141516 --- [scheduling-1] b.c.e.s.schedule.AgendamentoService      : 🔄 Verificando agendamentos de troca de salário/cargo...
2025-05-26T15:18:10.877-03:00 DEBUG 141516 --- [scheduling-1] org.hibernate.SQL                        : 
    select
        a1_0.id,
        a1_0.cargo_atual_id,
        a1_0.cargo_troca_id,
        a1_0.pessoa_id 
    from
        agendamento_novo_salario_cargo a1_0
2025-05-26T15:18:10.878-03:00  INFO 141516 --- [scheduling-1] b.c.e.s.schedule.AgendamentoService      : ℹ️ Nenhum agendamento pendente encontrado.
2025-05-26T15:18:40.892-03:00  INFO 141516 --- [scheduling-1] b.c.e.s.schedule.AgendamentoService      : 🔄 Verificando agendamentos de troca de salário/cargo...
2025-05-26T15:18:40.899-03:00 DEBUG 141516 --- [scheduling-1] org.hibernate.SQL                        : 
    select
        a1_0.id,
        a1_0.cargo_atual_id,
        a1_0.cargo_troca_id,
        a1_0.pessoa_id 
    from
        agendamento_novo_salario_cargo a1_0
2025-05-26T15:18:40.900-03:00  INFO 141516 --- [scheduling-1] b.c.e.s.schedule.AgendamentoService      : ℹ️ Nenhum agendamento pendente encontrado.
2025-05-26T15:19:10.905-03:00  INFO 141516 --- [scheduling-1] b.c.e.s.schedule.AgendamentoService      : 🔄 Verificando agendamentos de troca de salário/cargo...
2025-05-26T15:19:10.907-03:00 DEBUG 141516 --- [scheduling-1] org.hibernate.SQL                        : 
    select
        a1_0.id,
        a1_0.cargo_atual_id,
        a1_0.cargo_troca_id,
        a1_0.pessoa_id 
    from
        agendamento_novo_salario_cargo a1_0
2025-05-26T15:19:10.910-03:00  INFO 141516 --- [scheduling-1] b.c.e.s.schedule.AgendamentoService      : ℹ️ Nenhum agendamento pendente encontrado.
2025-05-26T15:19:40.917-03:00  INFO 141516 --- [scheduling-1] b.c.e.s.schedule.AgendamentoService      : 🔄 Verificando agendamentos de troca de salário/cargo...
2025-05-26T15:19:40.921-03:00 DEBUG 141516 --- [scheduling-1] org.hibernate.SQL                        : 
    select
        a1_0.id,
        a1_0.cargo_atual_id,
        a1_0.cargo_troca_id,
        a1_0.pessoa_id 
    from
        agendamento_novo_salario_cargo a1_0
2025-05-26T15:19:40.924-03:00  INFO 141516 --- [scheduling-1] b.c.e.s.schedule.AgendamentoService      : ℹ️ Nenhum agendamento pendente encontrado.
2025-05-26T15:20:10.934-03:00  INFO 141516 --- [scheduling-1] b.c.e.s.schedule.AgendamentoService      : 🔄 Verificando agendamentos de troca de salário/cargo...
2025-05-26T15:20:10.938-03:00 DEBUG 141516 --- [scheduling-1] org.hibernate.SQL                        : 
    select
        a1_0.id,
        a1_0.cargo_atual_id,
        a1_0.cargo_troca_id,
        a1_0.pessoa_id 
    from
        agendamento_novo_salario_cargo a1_0
2025-05-26T15:20:10.940-03:00  INFO 141516 --- [scheduling-1] b.c.e.s.schedule.AgendamentoService      : ℹ️ Nenhum agendamento pendente encontrado.
2025-05-26T15:20:40.955-03:00  INFO 141516 --- [scheduling-1] b.c.e.s.schedule.AgendamentoService      : 🔄 Verificando agendamentos de troca de salário/cargo...
2025-05-26T15:20:40.958-03:00 DEBUG 141516 --- [scheduling-1] org.hibernate.SQL                        : 
    select
        a1_0.id,
        a1_0.cargo_atual_id,
        a1_0.cargo_troca_id,
        a1_0.pessoa_id 
    from
        agendamento_novo_salario_cargo a1_0
2025-05-26T15:20:40.961-03:00  INFO 141516 --- [scheduling-1] b.c.e.s.schedule.AgendamentoService      : ℹ️ Nenhum agendamento pendente encontrado.
2025-05-26T15:21:10.975-03:00  INFO 141516 --- [scheduling-1] b.c.e.s.schedule.AgendamentoService      : 🔄 Verificando agendamentos de troca de salário/cargo...
2025-05-26T15:21:10.980-03:00 DEBUG 141516 --- [scheduling-1] org.hibernate.SQL                        : 
    select
        a1_0.id,
        a1_0.cargo_atual_id,
        a1_0.cargo_troca_id,
        a1_0.pessoa_id 
    from
        agendamento_novo_salario_cargo a1_0
2025-05-26T15:21:10.982-03:00  INFO 141516 --- [scheduling-1] b.c.e.s.schedule.AgendamentoService      : ℹ️ Nenhum agendamento pendente encontrado.
2025-05-26T15:21:40.995-03:00  INFO 141516 --- [scheduling-1] b.c.e.s.schedule.AgendamentoService      : 🔄 Verificando agendamentos de troca de salário/cargo...
2025-05-26T15:21:40.999-03:00 DEBUG 141516 --- [scheduling-1] org.hibernate.SQL                        : 
    select
        a1_0.id,
        a1_0.cargo_atual_id,
        a1_0.cargo_troca_id,
        a1_0.pessoa_id 
    from
        agendamento_novo_salario_cargo a1_0
2025-05-26T15:21:41.001-03:00  INFO 141516 --- [scheduling-1] b.c.e.s.schedule.AgendamentoService      : ℹ️ Nenhum agendamento pendente encontrado.
2025-05-26T15:22:11.015-03:00  INFO 141516 --- [scheduling-1] b.c.e.s.schedule.AgendamentoService      : 🔄 Verificando agendamentos de troca de salário/cargo...
2025-05-26T15:22:11.019-03:00 DEBUG 141516 --- [scheduling-1] org.hibernate.SQL                        : 
    select
        a1_0.id,
        a1_0.cargo_atual_id,
        a1_0.cargo_troca_id,
        a1_0.pessoa_id 
    from
        agendamento_novo_salario_cargo a1_0
2025-05-26T15:22:11.022-03:00  INFO 141516 --- [scheduling-1] b.c.e.s.schedule.AgendamentoService      : ℹ️ Nenhum agendamento pendente encontrado.
2025-05-26T15:22:41.026-03:00  INFO 141516 --- [scheduling-1] b.c.e.s.schedule.AgendamentoService      : 🔄 Verificando agendamentos de troca de salário/cargo...
2025-05-26T15:22:41.030-03:00 DEBUG 141516 --- [scheduling-1] org.hibernate.SQL                        : 
    select
        a1_0.id,
        a1_0.cargo_atual_id,
        a1_0.cargo_troca_id,
        a1_0.pessoa_id 
    from
        agendamento_novo_salario_cargo a1_0
2025-05-26T15:22:41.033-03:00  INFO 141516 --- [scheduling-1] b.c.e.s.schedule.AgendamentoService      : ℹ️ Nenhum agendamento pendente encontrado.
2025-05-26T15:23:11.047-03:00  INFO 141516 --- [scheduling-1] b.c.e.s.schedule.AgendamentoService      : 🔄 Verificando agendamentos de troca de salário/cargo...
2025-05-26T15:23:11.051-03:00 DEBUG 141516 --- [scheduling-1] org.hibernate.SQL                        : 
    select
        a1_0.id,
        a1_0.cargo_atual_id,
        a1_0.cargo_troca_id,
        a1_0.pessoa_id 
    from
        agendamento_novo_salario_cargo a1_0
2025-05-26T15:23:11.053-03:00  INFO 141516 --- [scheduling-1] b.c.e.s.schedule.AgendamentoService      : ℹ️ Nenhum agendamento pendente encontrado.
2025-05-26T15:23:41.065-03:00  INFO 141516 --- [scheduling-1] b.c.e.s.schedule.AgendamentoService      : 🔄 Verificando agendamentos de troca de salário/cargo...
2025-05-26T15:23:41.068-03:00 DEBUG 141516 --- [scheduling-1] org.hibernate.SQL                        : 
    select
        a1_0.id,
        a1_0.cargo_atual_id,
        a1_0.cargo_troca_id,
        a1_0.pessoa_id 
    from
        agendamento_novo_salario_cargo a1_0
2025-05-26T15:23:41.070-03:00  INFO 141516 --- [scheduling-1] b.c.e.s.schedule.AgendamentoService      : ℹ️ Nenhum agendamento pendente encontrado.
2025-05-26T15:24:11.084-03:00  INFO 141516 --- [scheduling-1] b.c.e.s.schedule.AgendamentoService      : 🔄 Verificando agendamentos de troca de salário/cargo...
2025-05-26T15:24:11.087-03:00 DEBUG 141516 --- [scheduling-1] org.hibernate.SQL                        : 
    select
        a1_0.id,
        a1_0.cargo_atual_id,
        a1_0.cargo_troca_id,
        a1_0.pessoa_id 
    from
        agendamento_novo_salario_cargo a1_0
2025-05-26T15:24:11.089-03:00  INFO 141516 --- [scheduling-1] b.c.e.s.schedule.AgendamentoService      : ℹ️ Nenhum agendamento pendente encontrado.
2025-05-26T15:24:41.089-03:00  INFO 141516 --- [scheduling-1] b.c.e.s.schedule.AgendamentoService      : 🔄 Verificando agendamentos de troca de salário/cargo...
2025-05-26T15:24:41.097-03:00 DEBUG 141516 --- [scheduling-1] org.hibernate.SQL                        : 
    select
        a1_0.id,
        a1_0.cargo_atual_id,
        a1_0.cargo_troca_id,
        a1_0.pessoa_id 
    from
        agendamento_novo_salario_cargo a1_0
2025-05-26T15:24:41.099-03:00  INFO 141516 --- [scheduling-1] b.c.e.s.schedule.AgendamentoService      : ℹ️ Nenhum agendamento pendente encontrado.
2025-05-26T15:25:11.103-03:00  INFO 141516 --- [scheduling-1] b.c.e.s.schedule.AgendamentoService      : 🔄 Verificando agendamentos de troca de salário/cargo...
2025-05-26T15:25:11.110-03:00 DEBUG 141516 --- [scheduling-1] org.hibernate.SQL                        : 
    select
        a1_0.id,
        a1_0.cargo_atual_id,
        a1_0.cargo_troca_id,
        a1_0.pessoa_id 
    from
        agendamento_novo_salario_cargo a1_0
2025-05-26T15:25:11.112-03:00  INFO 141516 --- [scheduling-1] b.c.e.s.schedule.AgendamentoService      : ℹ️ Nenhum agendamento pendente encontrado.
2025-05-26T15:25:41.120-03:00  INFO 141516 --- [scheduling-1] b.c.e.s.schedule.AgendamentoService      : 🔄 Verificando agendamentos de troca de salário/cargo...
2025-05-26T15:25:41.123-03:00 DEBUG 141516 --- [scheduling-1] org.hibernate.SQL                        : 
    select
        a1_0.id,
        a1_0.cargo_atual_id,
        a1_0.cargo_troca_id,
        a1_0.pessoa_id 
    from
        agendamento_novo_salario_cargo a1_0
2025-05-26T15:25:41.126-03:00  INFO 141516 --- [scheduling-1] b.c.e.s.schedule.AgendamentoService      : ℹ️ Nenhum agendamento pendente encontrado.
2025-05-26T15:26:11.141-03:00  INFO 141516 --- [scheduling-1] b.c.e.s.schedule.AgendamentoService      : 🔄 Verificando agendamentos de troca de salário/cargo...
2025-05-26T15:26:11.143-03:00 DEBUG 141516 --- [scheduling-1] org.hibernate.SQL                        : 
    select
        a1_0.id,
        a1_0.cargo_atual_id,
        a1_0.cargo_troca_id,
        a1_0.pessoa_id 
    from
        agendamento_novo_salario_cargo a1_0
2025-05-26T15:26:11.145-03:00  INFO 141516 --- [scheduling-1] b.c.e.s.schedule.AgendamentoService      : ℹ️ Nenhum agendamento pendente encontrado.
2025-05-26T15:26:41.147-03:00  INFO 141516 --- [scheduling-1] b.c.e.s.schedule.AgendamentoService      : 🔄 Verificando agendamentos de troca de salário/cargo...
2025-05-26T15:26:41.150-03:00 DEBUG 141516 --- [scheduling-1] org.hibernate.SQL                        : 
    select
        a1_0.id,
        a1_0.cargo_atual_id,
        a1_0.cargo_troca_id,
        a1_0.pessoa_id 
    from
        agendamento_novo_salario_cargo a1_0
2025-05-26T15:26:41.151-03:00  INFO 141516 --- [scheduling-1] b.c.e.s.schedule.AgendamentoService      : ℹ️ Nenhum agendamento pendente encontrado.
2025-05-26T15:27:07.358-03:00  INFO 141516 --- [SpringApplicationShutdownHook] j.LocalContainerEntityManagerFactoryBean : Closing JPA EntityManagerFactory for persistence unit 'default'
2025-05-26T15:27:07.360-03:00  INFO 141516 --- [SpringApplicationShutdownHook] com.zaxxer.hikari.HikariDataSource       : HikariPool-1 - Shutdown initiated...
2025-05-26T15:27:07.363-03:00  INFO 141516 --- [SpringApplicationShutdownHook] com.zaxxer.hikari.HikariDataSource       : HikariPool-1 - Shutdown completed.
